<?xml version="1.0" encoding="UTF-8" ?>
<testsuite tests="2" failures="2" name="com.platinum.MiServicioTest" time="0.001" errors="0" skipped="0">
  <properties>
[...]
</properties>
  <testcase classname="com.platinum.MiServicioTest" name="com.platinum.MiServicioTest.testObtenerInformacionEjecutivoPorRut" time="0.001">
    <failure type="java.lang.NullPointerException">java.lang.NullPointerException
	at com.platinum.MiServicioTest.testObtenerInformacionEjecutivoPorRut(MiServicioTest.java:38)
</failure>
  </testcase>
  <testcase classname="com.platinum.MiServicioTest" name="com.platinum.MiServicioTest.testConexionBaseDatos" time="0">
    <failure message="expected: not &lt;null&gt;" type="org.opentest4j.AssertionFailedError">org.opentest4j.AssertionFailedError: expected: not &lt;null&gt;
	at org.junit.jupiter.api.AssertionUtils.fail(AssertionUtils.java:39)
	at org.junit.jupiter.api.Assertions.fail(Assertions.java:134)
	at org.junit.jupiter.api.AssertNotNull.failNull(AssertNotNull.java:47)
	at org.junit.jupiter.api.AssertNotNull.assertNotNull(AssertNotNull.java:36)
	at org.junit.jupiter.api.AssertNotNull.assertNotNull(AssertNotNull.java:31)
	at org.junit.jupiter.api.Assertions.assertNotNull(Assertions.java:300)
	at com.platinum.MiServicioTest.testConexionBaseDatos(MiServicioTest.java:23)
</failure>
  </testcase>
</testsuite>